2025-06-12 14:21:00 | WARN | repo=pv243-a4m36jee-2016-security-seminar | action=commit
2025-02-20 15:47:00 | WARN | repo=pv243-a4m36jee-2016-security-seminar | action=commit
2025-03-25 11:09:00 | WARN | repo=pv243-a4m36jee-2016-security-seminar | action=commit
2025-11-13 21:50:00 | DEBUG | repo=pv243-a4m36jee-2016-security-seminar | action=test | passed=true
2025-02-25 11:40:00 | WARN | repo=pv243-a4m36jee-2016-security-seminar | action=edit | files=1
2025-07-03 18:20:00 | WARN | repo=pv243-a4m36jee-2016-security-seminar | action=commit
2025-12-09 11:13:00 | WARN | repo=pv243-a4m36jee-2016-security-seminar | action=commit
2025-01-25 15:57:00 | WARN | repo=pv243-a4m36jee-2016-security-seminar | action=commit
2025-07-18 14:08:00 | DEBUG | repo=pv243-a4m36jee-2016-security-seminar | action=commit
2025-02-15 19:06:00 | DEBUG | repo=pv243-a4m36jee-2016-security-seminar | action=commit
2025-07-24 17:08:00 | INFO | repo=pv243-a4m36jee-2016-security-seminar | action=commit
2025-09-18 21:18:00 | INFO | repo=pv243-a4m36jee-2016-security-seminar | action=commit
2025-07-08 17:55:00 | WARN | repo=pv243-a4m36jee-2016-security-seminar | action=commit
2025-03-23 20:46:00 | WARN | repo=pv243-a4m36jee-2016-security-seminar | action=commit
2025-02-21 10:44:00 | DEBUG | repo=pv243-a4m36jee-2016-security-seminar | action=commit
2025-09-18 14:44:00 | DEBUG | repo=pv243-a4m36jee-2016-security-seminar | action=commit
2025-03-23 16:58:00 | INFO | repo=pv243-a4m36jee-2016-security-seminar | action=commit
2025-10-03 18:53:00 | DEBUG | repo=pv243-a4m36jee-2016-security-seminar | action=pull
2025-07-25 14:28:00 | INFO | repo=pv243-a4m36jee-2016-security-seminar | action=test | passed=true
2025-06-07 20:32:00 | INFO | repo=pv243-a4m36jee-2016-security-seminar | action=commit
2025-07-22 07:08:00 | WARN | repo=pv243-a4m36jee-2016-security-seminar | action=edit | files=2
2025-12-17 10:14:00 | INFO | repo=pv243-a4m36jee-2016-security-seminar | action=commit
2025-10-21 20:01:00 | DEBUG | repo=pv243-a4m36jee-2016-security-seminar | action=edit | files=5
2025-08-24 14:45:00 | INFO | repo=pv243-a4m36jee-2016-security-seminar | action=test | passed=true
2025-08-28 13:05:00 | DEBUG | repo=pv243-a4m36jee-2016-security-seminar | action=commit
2025-07-18 09:33:00 | INFO | repo=pv243-a4m36jee-2016-security-seminar | action=commit
2025-04-10 12:01:00 | INFO | repo=pv243-a4m36jee-2016-security-seminar | action=edit | files=3
2025-07-06 17:22:00 | INFO | repo=pv243-a4m36jee-2016-security-seminar | action=commit
2025-11-05 07:35:00 | DEBUG | repo=pv243-a4m36jee-2016-security-seminar | action=pull
2025-01-27 11:33:00 | WARN | repo=pv243-a4m36jee-2016-security-seminar | action=commit
2025-05-22 17:51:00 | WARN | repo=pv243-a4m36jee-2016-security-seminar | action=pull
2025-01-17 17:57:00 | DEBUG | repo=pv243-a4m36jee-2016-security-seminar | action=edit | files=4
2025-10-09 19:08:00 | INFO | repo=pv243-a4m36jee-2016-security-seminar | action=pull
2025-07-10 07:59:00 | INFO | repo=pv243-a4m36jee-2016-security-seminar | action=commit
2025-12-04 17:42:00 | INFO | repo=pv243-a4m36jee-2016-security-seminar | action=commit
